<?xml version="1.0" encoding="UTF-8"?>
<!-- Generated by org.testng.reporters.JUnitReportReporter -->
<testsuite hostname="DESKTOP-V6S2GU6" failures="0" tests="3" name="tests.DDtest" time="4.314" errors="0" timestamp="2024-03-24T09:18:34 CET" skipped="0">
  <testcase classname="tests.DDtest" name="test3" time="0.695"/>
  <testcase classname="tests.DDtest" name="test3" time="2.931"/>
  <testcase classname="tests.DDtest" name="test3" time="0.688"/>
</testsuite> <!-- tests.DDtest -->
