<?xml version="1.0" encoding="UTF-8"?>
<!-- Generated by org.testng.reporters.JUnitReportReporter -->
<testsuite hostname="DESKTOP-V6S2GU6" failures="0" tests="2" name="tests.Test01" time="3.892" errors="0" timestamp="2024-03-24T10:31:56 CET" skipped="0">
  <testcase classname="tests.Test01" name="test1CreateUser" time="3.216"/>
  <testcase classname="tests.Test01" name="test2GetUser" time="0.676"/>
</testsuite> <!-- tests.Test01 -->
